0 info it worked if it ends with ok
1 verbose cli [ '/usr/bin/node', '/usr/bin/npm', 'install' ]
2 info using npm@1.3.8
3 info using node@v0.10.18
4 verbose node symlink /usr/bin/node
5 error install Couldn't read dependencies
6 error Failed to parse json
6 error Unexpected string
7 error File: /home/jmcomets/Projects/Bundle/IntoSpectrum/package.json
8 error Failed to parse package.json data.
8 error package.json must be actual JSON, not just JavaScript.
8 error
8 error This is not a bug in npm.
8 error Tell the package author to fix their package.json file. JSON.parse
9 error System Linux 3.5.0-40-generic
10 error command "/usr/bin/node" "/usr/bin/npm" "install"
11 error cwd /home/jmcomets/Projects/Bundle/IntoSpectrum
12 error node -v v0.10.18
13 error npm -v 1.3.8
14 error file /home/jmcomets/Projects/Bundle/IntoSpectrum/package.json
15 error code EJSONPARSE
16 verbose exit [ 1, true ]
